<?xml version="1.0" encoding="UTF-8"?>
<!-- Generated by org.testng.reporters.JUnitReportReporter -->
<testsuite hostname="Nelson" failures="0" tests="1" name="dependies.projects.Projects" time="8.928" errors="0" timestamp="2022-08-25T12:44:04 EDT" skipped="0">
  <testcase classname="dependies.projects.Projects" name="setUp" time="8.928"/>
  <system-out/>
</testsuite> <!-- dependies.projects.Projects -->
